[debug] [2020-01-31T12:05:26.111Z] ----------------------------------------------------------------------
[debug] [2020-01-31T12:05:26.115Z] Command:       C:\Program Files\nodejs\node.exe C:\Users\abhay\AppData\Roaming\npm\node_modules\firebase-tools\lib\bin\firebase.js init
[debug] [2020-01-31T12:05:26.115Z] CLI Version:   7.12.1
[debug] [2020-01-31T12:05:26.115Z] Platform:      win32
[debug] [2020-01-31T12:05:26.115Z] Node Version:  v12.13.1
[debug] [2020-01-31T12:05:26.116Z] Time:          Fri Jan 31 2020 17:35:26 GMT+0530 (India Standard Time)
[debug] [2020-01-31T12:05:26.116Z] ----------------------------------------------------------------------
[debug] [2020-01-31T12:05:26.116Z] 
[debug] [2020-01-31T12:05:26.130Z] > command requires scopes: ["email","openid","https://www.googleapis.com/auth/cloudplatformprojects.readonly","https://www.googleapis.com/auth/firebase","https://www.googleapis.com/auth/cloud-platform"]
[debug] [2020-01-31T12:05:26.132Z] > authorizing via signed-in user
[info] 
     ######## #### ########  ######## ########     ###     ######  ########
     ##        ##  ##     ## ##       ##     ##  ##   ##  ##       ##
     ######    ##  ########  ######   ########  #########  ######  ######
     ##        ##  ##    ##  ##       ##     ## ##     ##       ## ##
     ##       #### ##     ## ######## ########  ##     ##  ######  ########

You're about to initialize a Firebase project in this directory:

  C:\Users\abhay\Desktop\React-Myreads

[info] 
=== Project Setup
[info] 
[info] First, let's associate this project directory with a Firebase project.
[info] You can create multiple project aliases by running firebase use --add, 
[info] but for now we'll just set up a default project.
[info] 
[info] i  If you want to create a project in a Google Cloud organization or folder, please use "firebase projects:create" instead, and return to this command when you've created the project.
[debug] [2020-01-31T12:05:48.894Z] >>> HTTP REQUEST POST https://cloudresourcemanager.googleapis.com/v1/projects  

[debug] [2020-01-31T12:05:50.640Z] <<< HTTP RESPONSE 400
[debug] [2020-01-31T12:05:50.641Z] <<< HTTP RESPONSE BODY
[debug] [2020-01-31T12:05:50.644Z] HTTP Error: 400, Request contains an invalid argument.
[debug] [2020-01-31T12:05:50.880Z] FirebaseError: HTTP Error: 400, Request contains an invalid argument.
    at module.exports (C:\Users\abhay\AppData\Roaming\npm\node_modules\firebase-tools\lib\responseToError.js:38:12)
    at Request._callback (C:\Users\abhay\AppData\Roaming\npm\node_modules\firebase-tools\lib\api.js:39:35)
    at Request.self.callback (C:\Users\abhay\AppData\Roaming\npm\node_modules\firebase-tools\node_modules\request\request.js:185:22)
    at Request.emit (events.js:210:5)
    at Request.EventEmitter.emit (domain.js:475:20)
    at Request.<anonymous> (C:\Users\abhay\AppData\Roaming\npm\node_modules\firebase-tools\node_modules\request\request.js:1161:10)
    at Request.emit (events.js:210:5)
    at Request.EventEmitter.emit (domain.js:475:20)
    at IncomingMessage.<anonymous> (C:\Users\abhay\AppData\Roaming\npm\node_modules\firebase-tools\node_modules\request\request.js:1083:12)
    at Object.onceWrapper (events.js:299:28)
    at IncomingMessage.emit (events.js:215:7)
    at IncomingMessage.EventEmitter.emit (domain.js:475:20)
    at endReadableNT (_stream_readable.js:1184:12)
    at processTicksAndRejections (internal/process/task_queues.js:80:21)
[error] 
[error] Error: Failed to create Google Cloud project. See firebase-debug.log for more info.
